<?xml version="1.0" encoding="UTF-8"?>
<testsuite xmlns:xsi="http://www.w3.org/2001/XMLSchema-instance" xsi:noNamespaceSchemaLocation="https://maven.apache.org/surefire/maven-surefire-plugin/xsd/surefire-test-report.xsd" name="org.apache.hadoop.hive.cli.TestCliDriver" time="33.598" tests="3" errors="0" skipped="0" failures="0">
  <properties>
[...]
</properties>
  <testcase name="testCliDriver[authorization_9]" classname="org.apache.hadoop.hive.cli.TestCliDriver" time="5.192"/>
  <testcase name="testCliDriver[authorization_show_grant]" classname="org.apache.hadoop.hive.cli.TestCliDriver" time="1.805"/>
</testsuite>
